1612722150263:addA asds sdfsdf
1612810522001:addB sdfsdg
1612810536892:addC sdf sdf
1612810543980:addA sdf sdf
1612810556148:addG sdfdg
1612810576963:getA
1612810588123:addA sdfasdf sdf
1612810591691:getA
1612811561630:addA asdfds sdfdsf
1612813363798:addA sdfsdf sdfsdf
1612813379494:addG sdfsdf
1612813808217:addA sadfsd sdfsdf
1612813813847:addA sdfsdf asgsdfghsdfgf
1612813815669:getA
1612813835726:addB sdfgsdfg
1612813839999:addBerg77erg7e7dg
1612813847063:addB dfgsdf66
1612813849477:getB
1612814149145:addB sdfsdf
1612814155895:addB sdgsdgsdfgds
1612814159126:getB
1612814301848:addB sdfsdf
1612814306878:addB sdgsrtgwetwrtw55
1612814308949:getB
1612814315398:addB sgrterefgsdfgsdfg342
1612814317244:getB
1612814553255:addB asdasd
1612814557158:addB etwertwertwer
1612814559982:addB gwergwegfg
1612814561676:getB
1612814638942:addB
1612814642075:getB
1612814646436:addB sdfsdfds
1612814648757:addB sdfsdfsd
1612814650428:getB
1612814741207:addB sdfsdf
1612814749917:addB sdfewt343
1612814751436:getB
1612814757396:addA asdfsafd sadfsdf
1612814761373:addA sagertwgdfg sdfgsdfg
1612814763267:getA
1612814767908:addC sdfsdfsdf
1612814790086:addC sdfasdf sdgsdfgfg
1612814797237:addC sdffew wdfgsdfgfd
1612814799404:getC
1612814834196:addG sdfsdf
1612814837468:addG sdfsdgsdgshdf
1612814839259:getG
1612814890175:addG sdfdsf
1612814892165:getG
1612814895493:addG sdferggsdfg
1612814897371:getG
1612814901596:addC sdfsdf sdfsdf
1612814908531:getC
1612815254943:addG sdfsdf
1612815257222:addG dsgregeg
1612815258995:getG
1612815264796:addC asdfsd agedgreg
1612815267988:addC sgergwgdfg dgasedgsdf
1612815269298:getC
1614104649921:help
1614104661158:addA asdasd
1614104671215:addA asdasd asdasdsad
1614104676142:addA asdsdfas asdasfdsf
1614104679157:addB sdf
1614104686359:addC asdasd
1614104690646:addC asda sdf
1614104693485:getC
1614104696494:getA
